\BOOKMARK [0][-]{chapter.1}{\376\377\000序\000論}{}% 1
\BOOKMARK [1][-]{section.1.1}{\376\377\000研\000究\000背\000景}{chapter.1}% 2
\BOOKMARK [1][-]{section.1.2}{\376\377\000研\000究\000の\000動\000機\000と\000着\000眼\000点}{chapter.1}% 3
\BOOKMARK [1][-]{section.1.3}{\376\377\000仮\000説}{chapter.1}% 4
\BOOKMARK [1][-]{section.1.4}{\376\377\000研\000究\000目\000的}{chapter.1}% 5
\BOOKMARK [0][-]{chapter.2}{\376\377\000参\000考\000技\000術}{}% 6
\BOOKMARK [1][-]{section.2.1}{\376\377\000光\000回\000路\000の\000数\000値\000解\000析\000手\000法}{chapter.2}% 7
\BOOKMARK [1][-]{section.2.2}{\376\377\000多\000モ\000ー\000ド\000干\000渉\000計\000\040\000\050\000M\000M\000I\000\051}{chapter.2}% 8
\BOOKMARK [1][-]{section.2.3}{\376\377\000畳\000み\000込\000み\000ニ\000ュ\000ー\000ラ\000ル\000ネ\000ッ\000ト\000ワ\000ー\000ク\000\040\000\050\000C\000N\000N\000\051}{chapter.2}% 9
\BOOKMARK [1][-]{section.2.4}{\376\377\000超\000解\000像\000お\000よ\000び\000画\000像\000再\000構\000成\000技\000術}{chapter.2}% 10
\BOOKMARK [1][-]{section.2.5}{\376\377\000数\000値\000計\000算\000手\000法}{chapter.2}% 11
\BOOKMARK [0][-]{chapter.3}{\376\377\000超\000解\000像}{}% 12
\BOOKMARK [1][-]{section.3.1}{\376\377\000研\000究\000背\000景}{chapter.3}% 13
\BOOKMARK [1][-]{section.3.2}{\376\377\000研\000究\000目\000的}{chapter.3}% 14
\BOOKMARK [1][-]{section.3.3}{\376\377\000本\000論\000文\000の\000構\000成}{chapter.3}% 15
\BOOKMARK [0][-]{chapter.4}{\376\377\000相\000互\000変\000換}{}% 16
\BOOKMARK [1][-]{section.4.1}{\376\377\000研\000究\000背\000景}{chapter.4}% 17
\BOOKMARK [1][-]{section.4.2}{\376\377\000研\000究\000目\000的}{chapter.4}% 18
\BOOKMARK [1][-]{section.4.3}{\376\377\000本\000論\000文\000の\000構\000成}{chapter.4}% 19
\BOOKMARK [0][-]{chapter.5}{\376\377\000結\000論}{}% 20
\BOOKMARK [1][-]{section.5.1}{\376\377\000研\000究\000背\000景}{chapter.5}% 21
\BOOKMARK [1][-]{section.5.2}{\376\377\000研\000究\000目\000的}{chapter.5}% 22
\BOOKMARK [1][-]{section.5.3}{\376\377\000本\000論\000文\000の\000構\000成}{chapter.5}% 23
\BOOKMARK [0][-]{chapter*.4}{\376\377\000謝\000辞}{}% 24
